# JRE version: OpenJDK Runtime Environment Corretto-11.0.20.9.1 (11.0.20.1+9) (build 11.0.20.1+9-LTS)
# Java VM: OpenJDK 64-Bit Server VM Corretto-11.0.20.9.1 (11.0.20.1+9-LTS, mixed mode, tiered, compressed oops, g1 gc, windows-amd64)
Heap:
 garbage-first heap   total 116736K, used 74751K [0x00000000c1e00000, 0x0000000100000000)
  region size 1024K, 53 young (54272K), 7 survivors (7168K)
 Metaspace       used 78956K, capacity 80933K, committed 81228K, reserved 1120256K
  class space    used 9733K, capacity 10528K, committed 10624K, reserved 1048576K
GC Heap History (20 events):
Event: 4.606 GC heap before
{Heap before GC invocations=6 (full 0):
 garbage-first heap   total 80896K, used 46956K [0x00000000c1e00000, 0x0000000100000000)
  region size 1024K, 41 young (41984K), 3 survivors (3072K)
 Metaspace       used 25581K, capacity 26163K, committed 26240K, reserved 1073152K
  class space    used 2890K, capacity 3149K, committed 3200K, reserved 1048576K
}
Event: 4.615 GC heap after
{Heap after GC invocations=7 (full 0):
 garbage-first heap   total 80896K, used 10177K [0x00000000c1e00000, 0x0000000100000000)
  region size 1024K, 4 young (4096K), 4 survivors (4096K)
 Metaspace       used 25581K, capacity 26163K, committed 26240K, reserved 1073152K
  class space    used 2890K, capacity 3149K, committed 3200K, reserved 1048576K
}
Event: 5.869 GC heap before
{Heap before GC invocations=7 (full 0):
 garbage-first heap   total 80896K, used 53185K [0x00000000c1e00000, 0x0000000100000000)
  region size 1024K, 47 young (48128K), 4 survivors (4096K)
 Metaspace       used 29305K, capacity 30093K, committed 30336K, reserved 1075200K
  class space    used 3354K, capacity 3648K, committed 3712K, reserved 1048576K
}
Event: 5.884 GC heap after
{Heap after GC invocations=8 (full 0):
 garbage-first heap   total 80896K, used 11920K [0x00000000c1e00000, 0x0000000100000000)
  region size 1024K, 5 young (5120K), 5 survivors (5120K)
 Metaspace       used 29305K, capacity 30093K, committed 30336K, reserved 1075200K
  class space    used 3354K, capacity 3648K, committed 3712K, reserved 1048576K
}
Event: 7.296 GC heap before
{Heap before GC invocations=8 (full 0):
 garbage-first heap   total 80896K, used 54928K [0x00000000c1e00000, 0x0000000100000000)
  region size 1024K, 47 young (48128K), 5 survivors (5120K)
 Metaspace       used 33437K, capacity 34282K, committed 34432K, reserved 1079296K
  class space    used 3868K, capacity 4204K, committed 4224K, reserved 1048576K
}
Event: 7.316 GC heap after
{Heap after GC invocations=9 (full 0):
 garbage-first heap   total 80896K, used 13332K [0x00000000c1e00000, 0x0000000100000000)
  region size 1024K, 5 young (5120K), 5 survivors (5120K)
 Metaspace       used 33437K, capacity 34282K, committed 34432K, reserved 1079296K
  class space    used 3868K, capacity 4204K, committed 4224K, reserved 1048576K
}
Event: 7.718 GC heap before
{Heap before GC invocations=9 (full 0):
 garbage-first heap   total 80896K, used 24596K [0x00000000c1e00000, 0x0000000100000000)
  region size 1024K, 17 young (17408K), 5 survivors (5120K)
 Metaspace       used 34878K, capacity 35758K, committed 35840K, reserved 1081344K
  class space    used 4061K, capacity 4409K, committed 4480K, reserved 1048576K
}
Event: 7.738 GC heap after
{Heap after GC invocations=10 (full 0):
 garbage-first heap   total 80896K, used 14116K [0x00000000c1e00000, 0x0000000100000000)
  region size 1024K, 3 young (3072K), 3 survivors (3072K)
 Metaspace       used 34878K, capacity 35758K, committed 35840K, reserved 1081344K
  class space    used 4061K, capacity 4409K, committed 4480K, reserved 1048576K
}
Event: 9.789 GC heap before
{Heap before GC invocations=11 (full 0):
 garbage-first heap   total 80896K, used 59172K [0x00000000c1e00000, 0x0000000100000000)
  region size 1024K, 47 young (48128K), 3 survivors (3072K)
 Metaspace       used 40406K, capacity 41560K, committed 41600K, reserved 1085440K
  class space    used 4752K, capacity 5212K, committed 5248K, reserved 1048576K
}
Event: 9.813 GC heap after
{Heap after GC invocations=12 (full 0):
 garbage-first heap   total 97280K, used 16667K [0x00000000c1e00000, 0x0000000100000000)
  region size 1024K, 6 young (6144K), 6 survivors (6144K)
 Metaspace       used 40406K, capacity 41560K, committed 41600K, reserved 1085440K
  class space    used 4752K, capacity 5212K, committed 5248K, reserved 1048576K
}
Event: 11.757 GC heap before
{Heap before GC invocations=12 (full 0):
 garbage-first heap   total 97280K, used 65819K [0x00000000c1e00000, 0x0000000100000000)
  region size 1024K, 55 young (56320K), 6 survivors (6144K)
 Metaspace       used 47719K, capacity 48923K, committed 49152K, reserved 1091584K
  class space    used 5819K, capacity 6319K, committed 6400K, reserved 1048576K
}
Event: 11.786 GC heap after
{Heap after GC invocations=13 (full 0):
 garbage-first heap   total 97280K, used 18816K [0x00000000c1e00000, 0x0000000100000000)
  region size 1024K, 5 young (5120K), 5 survivors (5120K)
 Metaspace       used 47719K, capacity 48923K, committed 49152K, reserved 1091584K
  class space    used 5819K, capacity 6319K, committed 6400K, reserved 1048576K
}
Event: 14.132 GC heap before
{Heap before GC invocations=13 (full 0):
 garbage-first heap   total 97280K, used 71040K [0x00000000c1e00000, 0x0000000100000000)
  region size 1024K, 57 young (58368K), 5 survivors (5120K)
 Metaspace       used 58748K, capacity 60086K, committed 60160K, reserved 1101824K
  class space    used 7108K, capacity 7654K, committed 7680K, reserved 1048576K
}
Event: 14.165 GC heap after
{Heap after GC invocations=14 (full 0):
 garbage-first heap   total 97280K, used 22860K [0x00000000c1e00000, 0x0000000100000000)
  region size 1024K, 6 young (6144K), 6 survivors (6144K)
 Metaspace       used 58748K, capacity 60086K, committed 60160K, reserved 1101824K
  class space    used 7108K, capacity 7654K, committed 7680K, reserved 1048576K
}
Event: 16.199 GC heap before
{Heap before GC invocations=15 (full 0):
 garbage-first heap   total 97280K, used 75084K [0x00000000c1e00000, 0x0000000100000000)
  region size 1024K, 57 young (58368K), 6 survivors (6144K)
 Metaspace       used 65727K, capacity 67212K, committed 67404K, reserved 1107968K
  class space    used 8175K, capacity 8766K, committed 8832K, reserved 1048576K
}
Event: 16.227 GC heap after
{Heap after GC invocations=16 (full 0):
 garbage-first heap   total 97280K, used 25404K [0x00000000c1e00000, 0x0000000100000000)
  region size 1024K, 6 young (6144K), 6 survivors (6144K)
 Metaspace       used 65727K, capacity 67212K, committed 67404K, reserved 1107968K
  class space    used 8175K, capacity 8766K, committed 8832K, reserved 1048576K
}
Event: 17.154 GC heap before
{Heap before GC invocations=16 (full 0):
 garbage-first heap   total 97280K, used 76604K [0x00000000c1e00000, 0x0000000100000000)
  region size 1024K, 56 young (57344K), 6 survivors (6144K)
 Metaspace       used 68578K, capacity 70288K, committed 70476K, reserved 1110016K
  class space    used 8545K, capacity 9224K, committed 9344K, reserved 1048576K
}
Event: 17.275 GC heap after
{Heap after GC invocations=17 (full 0):
 garbage-first heap   total 116736K, used 27045K [0x00000000c1e00000, 0x0000000100000000)
  region size 1024K, 4 young (4096K), 4 survivors (4096K)
 Metaspace       used 68578K, capacity 70288K, committed 70476K, reserved 1110016K
  class space    used 8545K, capacity 9224K, committed 9344K, reserved 1048576K
}
Event: 43.142 GC heap before
{Heap before GC invocations=17 (full 0):
 garbage-first heap   total 116736K, used 84389K [0x00000000c1e00000, 0x0000000100000000)
  region size 1024K, 60 young (61440K), 4 survivors (4096K)
 Metaspace       used 72766K, capacity 74641K, committed 74828K, reserved 1114112K
  class space    used 9103K, capacity 9831K, committed 9856K, reserved 1048576K
}
Event: 43.174 GC heap after
{Heap after GC invocations=18 (full 0):
 garbage-first heap   total 116736K, used 29695K [0x00000000c1e00000, 0x0000000100000000)
  region size 1024K, 7 young (7168K), 7 survivors (7168K)
 Metaspace       used 72766K, capacity 74641K, committed 74828K, reserved 1114112K
  class space    used 9103K, capacity 9831K, committed 9856K, reserved 1048576K
}

